
> api@0.1.0 dev:server
> ts-node ./src/index.ts

info 11/6/25, 4:00 PM - [Vendure Server] Bootstrapping Vendure Server (pid: 962234)... 
info 11/6/25, 4:00 PM - [AssetServerPlugin] Creating asset server middleware 
info 11/6/25, 4:00 PM - [EmailPlugin] Creating dev mailbox middleware 
info 11/6/25, 4:00 PM - [AdminUiPlugin] Creating admin ui middleware (dev mode) 
info 11/6/25, 4:00 PM - [AdminUiPlugin] Compiling Admin UI app in development mode 
info 11/6/25, 4:00 PM - [AdminUiPlugin] Admin UI compiling and watching for changes... 
info 11/6/25, 4:00 PM - [RoutesResolver] HealthController {/health}: 
info 11/6/25, 4:00 PM - [RouterExplorer] Mapped {/health, GET} route 

> start
> ng serve

info 11/6/25, 4:00 PM - [GraphQLModule] Mapped {/shop-api, POST} route 
info 11/6/25, 4:00 PM - [GraphQLModule] Mapped {/admin-api, POST} route 
info 11/6/25, 4:00 PM - [NestApplication] Nest application successfully started 
error 11/6/25, 4:00 PM - [NestApplication] Error: listen EADDRINUSE: address already in use :::3000 
Error: listen EADDRINUSE: address already in use :::3000
    at Server.setupListenHandle [as _listen2] (node:net:1940:16)
    at listenInCluster (node:net:1997:12)
    at Server.listen (node:net:2102:7)
    at ExpressAdapter.listen (/home/dmiku/dev/impact-vnext/node_modules/@nestjs/platform-express/adapters/express-adapter.js:127:32)
    at /home/dmiku/dev/impact-vnext/node_modules/@nestjs/core/nest-application.js:188:30
    at new Promise (<anonymous>)
    at NestApplication.listen (/home/dmiku/dev/impact-vnext/node_modules/@nestjs/core/nest-application.js:178:16)
    at async bootstrap (/home/dmiku/dev/impact-vnext/node_modules/@vendure/core/src/bootstrap.ts:194:5) {
  code: 'EADDRINUSE',
  errno: -98,
  syscall: 'listen',
  address: '::',
  port: 3000
}
